2022-11-10 00:26:22.969  INFO 21500 --- [Test worker] reerAirtiesRegisterLoginApplicationTests : Starting TechCareerAirtiesRegisterLoginApplicationTests using Java 17.0.5 on DESKTOP-D7CGATS with PID 21500 (started by hamit in D:\spring\TechCareerAirtiesRegisterLogin)
2022-11-10 00:26:22.974  INFO 21500 --- [Test worker] reerAirtiesRegisterLoginApplicationTests : No active profile set, falling back to 1 default profile: "default"
2022-11-10 00:26:23.629  INFO 21500 --- [Test worker] .s.d.r.c.RepositoryConfigurationDelegate : Bootstrapping Spring Data JPA repositories in DEFAULT mode.
2022-11-10 00:26:23.694  INFO 21500 --- [Test worker] .s.d.r.c.RepositoryConfigurationDelegate : Finished Spring Data repository scanning in 57 ms. Found 1 JPA repository interfaces.
2022-11-10 00:26:24.252  INFO 21500 --- [Test worker] o.hibernate.jpa.internal.util.LogHelper  : HHH000204: Processing PersistenceUnitInfo [name: default]
2022-11-10 00:26:24.308  INFO 21500 --- [Test worker] org.hibernate.Version                    : HHH000412: Hibernate ORM core version 5.6.12.Final
2022-11-10 00:26:24.466  INFO 21500 --- [Test worker] o.hibernate.annotations.common.Version   : HCANN000001: Hibernate Commons Annotations {5.1.2.Final}
2022-11-10 00:26:24.566  INFO 21500 --- [Test worker] com.zaxxer.hikari.HikariDataSource       : HikariPool-1 - Starting...
2022-11-10 00:26:24.774  INFO 21500 --- [Test worker] com.zaxxer.hikari.HikariDataSource       : HikariPool-1 - Start completed.
2022-11-10 00:26:24.789  INFO 21500 --- [Test worker] org.hibernate.dialect.Dialect            : HHH000400: Using dialect: org.hibernate.dialect.PostgreSQLDialect
2022-11-10 00:26:25.395  INFO 21500 --- [Test worker] o.h.e.t.j.p.i.JtaPlatformInitiator       : HHH000490: Using JtaPlatform implementation: [org.hibernate.engine.transaction.jta.platform.internal.NoJtaPlatform]
2022-11-10 00:26:25.404  INFO 21500 --- [Test worker] j.LocalContainerEntityManagerFactoryBean : Initialized JPA EntityManagerFactory for persistence unit 'default'
2022-11-10 00:26:26.119  WARN 21500 --- [Test worker] JpaBaseConfiguration$JpaWebConfiguration : spring.jpa.open-in-view is enabled by default. Therefore, database queries may be performed during view rendering. Explicitly configure spring.jpa.open-in-view to disable this warning
2022-11-10 00:26:26.467  WARN 21500 --- [Test worker] o.s.s.c.a.web.builders.WebSecurity       : You are asking Spring Security to ignore Ant [pattern='/h2-console/**']. This is not recommended -- please use permitAll via HttpSecurity#authorizeHttpRequests instead.
2022-11-10 00:26:26.467  INFO 21500 --- [Test worker] o.s.s.web.DefaultSecurityFilterChain     : Will not secure Ant [pattern='/h2-console/**']
2022-11-10 00:26:26.468  WARN 21500 --- [Test worker] o.s.s.c.a.web.builders.WebSecurity       : You are asking Spring Security to ignore Ant [pattern='/resources/**']. This is not recommended -- please use permitAll via HttpSecurity#authorizeHttpRequests instead.
2022-11-10 00:26:26.468  INFO 21500 --- [Test worker] o.s.s.web.DefaultSecurityFilterChain     : Will not secure Ant [pattern='/resources/**']
2022-11-10 00:26:26.468  WARN 21500 --- [Test worker] o.s.s.c.a.web.builders.WebSecurity       : You are asking Spring Security to ignore Ant [pattern='/static/**']. This is not recommended -- please use permitAll via HttpSecurity#authorizeHttpRequests instead.
2022-11-10 00:26:26.468  INFO 21500 --- [Test worker] o.s.s.web.DefaultSecurityFilterChain     : Will not secure Ant [pattern='/static/**']
2022-11-10 00:26:26.469  WARN 21500 --- [Test worker] o.s.s.c.a.web.builders.WebSecurity       : You are asking Spring Security to ignore Ant [pattern='/css/**']. This is not recommended -- please use permitAll via HttpSecurity#authorizeHttpRequests instead.
2022-11-10 00:26:26.469  INFO 21500 --- [Test worker] o.s.s.web.DefaultSecurityFilterChain     : Will not secure Ant [pattern='/css/**']
2022-11-10 00:26:26.469  WARN 21500 --- [Test worker] o.s.s.c.a.web.builders.WebSecurity       : You are asking Spring Security to ignore Ant [pattern='/js/**']. This is not recommended -- please use permitAll via HttpSecurity#authorizeHttpRequests instead.
2022-11-10 00:26:26.469  INFO 21500 --- [Test worker] o.s.s.web.DefaultSecurityFilterChain     : Will not secure Ant [pattern='/js/**']
2022-11-10 00:26:26.469  WARN 21500 --- [Test worker] o.s.s.c.a.web.builders.WebSecurity       : You are asking Spring Security to ignore Ant [pattern='/images/**']. This is not recommended -- please use permitAll via HttpSecurity#authorizeHttpRequests instead.
2022-11-10 00:26:26.470  INFO 21500 --- [Test worker] o.s.s.web.DefaultSecurityFilterChain     : Will not secure Ant [pattern='/images/**']
2022-11-10 00:26:26.470  WARN 21500 --- [Test worker] o.s.s.c.a.web.builders.WebSecurity       : You are asking Spring Security to ignore Ant [pattern='/assets/**']. This is not recommended -- please use permitAll via HttpSecurity#authorizeHttpRequests instead.
2022-11-10 00:26:26.470  INFO 21500 --- [Test worker] o.s.s.web.DefaultSecurityFilterChain     : Will not secure Ant [pattern='/assets/**']
2022-11-10 00:26:26.470  WARN 21500 --- [Test worker] o.s.s.c.a.web.builders.WebSecurity       : You are asking Spring Security to ignore Ant [pattern='/fonts/**']. This is not recommended -- please use permitAll via HttpSecurity#authorizeHttpRequests instead.
2022-11-10 00:26:26.470  INFO 21500 --- [Test worker] o.s.s.web.DefaultSecurityFilterChain     : Will not secure Ant [pattern='/fonts/**']
2022-11-10 00:26:26.470  WARN 21500 --- [Test worker] o.s.s.c.a.web.builders.WebSecurity       : You are asking Spring Security to ignore Ant [pattern='/dis/**']. This is not recommended -- please use permitAll via HttpSecurity#authorizeHttpRequests instead.
2022-11-10 00:26:26.471  INFO 21500 --- [Test worker] o.s.s.web.DefaultSecurityFilterChain     : Will not secure Ant [pattern='/dis/**']
2022-11-10 00:26:26.471  WARN 21500 --- [Test worker] o.s.s.c.a.web.builders.WebSecurity       : You are asking Spring Security to ignore Ant [pattern='/vendor1/**']. This is not recommended -- please use permitAll via HttpSecurity#authorizeHttpRequests instead.
2022-11-10 00:26:26.471  INFO 21500 --- [Test worker] o.s.s.web.DefaultSecurityFilterChain     : Will not secure Ant [pattern='/vendor1/**']
2022-11-10 00:26:26.471  WARN 21500 --- [Test worker] o.s.s.c.a.web.builders.WebSecurity       : You are asking Spring Security to ignore Ant [pattern='/assets2/**']. This is not recommended -- please use permitAll via HttpSecurity#authorizeHttpRequests instead.
2022-11-10 00:26:26.471  INFO 21500 --- [Test worker] o.s.s.web.DefaultSecurityFilterChain     : Will not secure Ant [pattern='/assets2/**']
2022-11-10 00:26:26.581  INFO 21500 --- [Test worker] o.s.s.web.DefaultSecurityFilterChain     : Will secure any request with [org.springframework.security.web.session.DisableEncodeUrlFilter@433db56d, org.springframework.security.web.context.request.async.WebAsyncManagerIntegrationFilter@e23af91, org.springframework.security.web.context.SecurityContextPersistenceFilter@15a5cc6e, org.springframework.security.web.header.HeaderWriterFilter@b859355, org.springframework.security.web.authentication.logout.LogoutFilter@3b850bb7, com.hamitmizrak.security.jwt.JwtAuthorizationFilter@1db5de29, org.springframework.security.web.savedrequest.RequestCacheAwareFilter@5f7bd970, org.springframework.security.web.servletapi.SecurityContextHolderAwareRequestFilter@ff12b53, org.springframework.security.web.authentication.AnonymousAuthenticationFilter@396ec737, org.springframework.security.web.session.SessionManagementFilter@7575f7e1, org.springframework.security.web.access.ExceptionTranslationFilter@118879d2, org.springframework.security.web.access.intercept.FilterSecurityInterceptor@3f5f79d8]
2022-11-10 00:26:27.569  INFO 21500 --- [Test worker] reerAirtiesRegisterLoginApplicationTests : Started TechCareerAirtiesRegisterLoginApplicationTests in 4.86 seconds (JVM running for 5.845)
2022-11-10 00:26:27.800  INFO 21500 --- [SpringApplicationShutdownHook] j.LocalContainerEntityManagerFactoryBean : Closing JPA EntityManagerFactory for persistence unit 'default'
2022-11-10 00:26:27.802  INFO 21500 --- [SpringApplicationShutdownHook] com.zaxxer.hikari.HikariDataSource       : HikariPool-1 - Shutdown initiated...
2022-11-10 00:26:27.806  INFO 21500 --- [SpringApplicationShutdownHook] com.zaxxer.hikari.HikariDataSource       : HikariPool-1 - Shutdown completed.
